[debug] [2021-10-20T05:02:06.968Z] ----------------------------------------------------------------------
[debug] [2021-10-20T05:02:06.973Z] Command:       C:\Program Files\nodejs\node.exe C:\Users\Bilal\AppData\Roaming\npm\node_modules\firebase-tools\lib\bin\firebase.js init
[debug] [2021-10-20T05:02:06.975Z] CLI Version:   9.20.0
[debug] [2021-10-20T05:02:06.975Z] Platform:      win32
[debug] [2021-10-20T05:02:06.975Z] Node Version:  v14.18.1
[debug] [2021-10-20T05:02:06.977Z] Time:          Tue Oct 19 2021 22:02:06 GMT-0700 (Pacific Daylight Time)
[debug] [2021-10-20T05:02:06.977Z] ----------------------------------------------------------------------
[debug] 
[debug] [2021-10-20T05:02:06.982Z] >>> [apiv2][query] GET https://firebase-public.firebaseio.com/cli.json [none]
[debug] [2021-10-20T05:02:07.128Z] > command requires scopes: ["email","openid","https://www.googleapis.com/auth/cloudplatformprojects.readonly","https://www.googleapis.com/auth/firebase","https://www.googleapis.com/auth/cloud-platform"]
[debug] [2021-10-20T05:02:07.128Z] > authorizing via signed-in user (sb5818265@gmail.com)
[info] 
     ######## #### ########  ######## ########     ###     ######  ########
     ##        ##  ##     ## ##       ##     ##  ##   ##  ##       ##
     ######    ##  ########  ######   ########  #########  ######  ######
     ##        ##  ##    ##  ##       ##     ## ##     ##       ## ##
     ##       #### ##     ## ######## ########  ##     ##  ######  ########

You're about to initialize a Firebase project in this directory:

  C:\Users\Bilal

Before we get started, keep in mind:

  * You are initializing within an existing Firebase project directory

[debug] [2021-10-20T05:02:09.009Z] <<< [apiv2][status] GET https://firebase-public.firebaseio.com/cli.json 200
[debug] [2021-10-20T05:02:09.009Z] <<< [apiv2][body] GET https://firebase-public.firebaseio.com/cli.json {"cloudBuildErrorAfter":1594252800000,"cloudBuildWarnAfter":1590019200000,"defaultNode10After":1594252800000,"minVersion":"3.0.5","node8DeploysDisabledAfter":1613390400000,"node8RuntimeDisabledAfter":1615809600000,"node8WarnAfter":1600128000000}
[info] 
=== Project Setup
[info] 
[info] First, let's associate this project directory with a Firebase project.
[info] You can create multiple project aliases by running firebase use --add, 
[info] but for now we'll just set up a default project.
[info] 
[info] i  .firebaserc already has a default project, using resume-cdead. 
[debug] [2021-10-20T05:02:40.949Z] > refreshing access token with scopes: []
[debug] [2021-10-20T05:02:40.950Z] >>> HTTP REQUEST POST https://www.googleapis.com/oauth2/v3/token  
 <request body omitted>
[debug] [2021-10-20T05:02:41.696Z] <<< HTTP RESPONSE 200 {"pragma":"no-cache","cache-control":"no-cache, no-store, max-age=0, must-revalidate","date":"Wed, 20 Oct 2021 05:02:43 GMT","expires":"Mon, 01 Jan 1990 00:00:00 GMT","content-type":"application/json; charset=utf-8","vary":"X-Origin, Referer, Origin,Accept-Encoding","server":"scaffolding on HTTPServer2","x-xss-protection":"0","x-frame-options":"SAMEORIGIN","x-content-type-options":"nosniff","alt-svc":"h3=\":443\"; ma=2592000,h3-29=\":443\"; ma=2592000,h3-T051=\":443\"; ma=2592000,h3-Q050=\":443\"; ma=2592000,h3-Q046=\":443\"; ma=2592000,h3-Q043=\":443\"; ma=2592000,quic=\":443\"; ma=2592000; v=\"46,43\"","accept-ranges":"none","transfer-encoding":"chunked"}
[debug] [2021-10-20T05:02:41.894Z] >>> [apiv2][query] GET https://firebase.googleapis.com/v1beta1/projects/resume-cdead [none]
[debug] [2021-10-20T05:02:43.095Z] <<< [apiv2][status] GET https://firebase.googleapis.com/v1beta1/projects/resume-cdead 403
[debug] [2021-10-20T05:02:43.095Z] <<< [apiv2][body] GET https://firebase.googleapis.com/v1beta1/projects/resume-cdead {"error":{"code":403,"message":"The caller does not have permission","status":"PERMISSION_DENIED"}}
[debug] [2021-10-20T05:02:43.097Z] HTTP Error: 403, The caller does not have permission
[debug] [2021-10-20T05:02:44.020Z] FirebaseError: HTTP Error: 403, The caller does not have permission
    at module.exports (C:\Users\Bilal\AppData\Roaming\npm\node_modules\firebase-tools\lib\responseToError.js:38:12)
    at Client.doRequest (C:\Users\Bilal\AppData\Roaming\npm\node_modules\firebase-tools\lib\apiv2.js:238:23)
    at processTicksAndRejections (internal/process/task_queues.js:95:5)
    at async Client.request (C:\Users\Bilal\AppData\Roaming\npm\node_modules\firebase-tools\lib\apiv2.js:96:20)
    at async Object.getFirebaseProject (C:\Users\Bilal\AppData\Roaming\npm\node_modules\firebase-tools\lib\management\projects.js:290:21)
    at async Object.doSetup [as project] (C:\Users\Bilal\AppData\Roaming\npm\node_modules\firebase-tools\lib\init\features\project.js:77:27)
    at async init (C:\Users\Bilal\AppData\Roaming\npm\node_modules\firebase-tools\lib\init\index.js:19:9)
[error] 
[error] Error: Failed to get Firebase project resume-cdead. Please make sure the project exists and your account has permission to access it.
